\BOOKMARK [0][-]{section*.2}{\376\377\000I\000n\000f\000e\000r\000r\000i\000n\000g\000\040\000r\000e\000p\000e\000r\000t\000o\000i\000r\000e\000\040\000d\000y\000n\000a\000m\000i\000c\000s\000\040\000f\000r\000o\000m\000\040\000r\000e\000p\000e\000r\000t\000o\000i\000r\000e\000\040\000s\000e\000q\000u\000e\000n\000c\000i\000n\000g}{}% 2
\BOOKMARK [1][-]{section*.1}{\376\377\000A\000b\000s\000t\000r\000a\000c\000t}{section*.2}% 1
\BOOKMARK [1][-]{section*.3}{\376\377\000M\000o\000d\000e\000l\000\040\000f\000a\000m\000i\000l\000y}{section*.2}% 3
\BOOKMARK [1][-]{section*.4}{\376\377\000R\000e\000s\000u\000l\000t\000s}{section*.2}% 4
\BOOKMARK [2][-]{section*.5}{\376\377\000A\000\040\000n\000u\000l\000l\000\040\000m\000o\000d\000e\000l\000\040\000f\000o\000r\000\040\000r\000e\000p\000l\000i\000c\000a\000t\000e\000\040\000c\000l\000o\000n\000e\000\040\000s\000i\000z\000e\000\040\000v\000a\000r\000i\000a\000t\000i\000o\000n}{section*.4}% 5
\BOOKMARK [2][-]{section*.6}{\376\377\000D\000i\000f\000f\000e\000r\000e\000n\000t\000i\000a\000l\000\040\000e\000x\000p\000r\000e\000s\000s\000i\000o\000n\000\040\000m\000o\000d\000e\000l}{section*.4}% 6
\BOOKMARK [3][-]{section*.7}{\376\377\000m\000o\000d\000e\000l\000\040\000d\000e\000s\000c\000r\000i\000p\000t\000i\000o\000n}{section*.6}% 7
\BOOKMARK [3][-]{section*.8}{\376\377\000E\000x\000a\000m\000p\000l\000e\000\040\0001\000:\000\040\000b\000a\000s\000e\000\040\000p\000r\000i\000o\000r\000\040\000a\000n\000d\000\040\000m\000o\000u\000s\000e\000\040\000r\000e\000p\000e\000r\000t\000o\000i\000r\000e}{section*.6}% 8
\BOOKMARK [3][-]{section*.9}{\376\377\000P\000r\000i\000o\000r\000\040\000s\000o\000l\000v\000a\000b\000l\000e\000\040\000v\000i\000a\000\040\000e\000x\000p\000e\000c\000t\000a\000t\000i\000o\000n\000\040\000m\000a\000x\000i\000m\000i\000z\000a\000t\000i\000o\000n}{section*.6}% 9
\BOOKMARK [3][-]{section*.10}{\376\377\000P\000o\000s\000t\000e\000r\000i\000o\000r\000s\000\040\000o\000f\000\040\000l\000o\000g\000\040\000f\000o\000l\000d\000-\000c\000h\000a\000n\000g\000e}{section*.6}% 10
\BOOKMARK [1][-]{section*.11}{\376\377\000R\000e\000s\000t\000\040\000i\000s\000\040\000w\000o\000r\000k\000\040\000i\000n\000\040\000p\000r\000o\000g\000r\000e\000s\000s}{section*.2}% 11
\BOOKMARK [2][-]{section*.12}{\376\377\000E\000n\000s\000e\000m\000b\000l\000e\000-\000l\000e\000v\000e\000l\000\040\000a\000p\000p\000l\000i\000c\000a\000t\000i\000o\000n\000:\000\040\000T\000i\000m\000e\000-\000t\000r\000a\000c\000k\000i\000n\000g\000\040\000o\000f\000\040\000e\000n\000s\000e\000m\000b\000l\000e\000\040\000p\000a\000r\000a\000m\000e\000t\000e\000r\000s}{section*.11}% 12
\BOOKMARK [2][-]{section*.13}{\376\377\000C\000l\000o\000n\000e\000-\000l\000e\000v\000e\000l\000\040\000a\000p\000p\000l\000i\000c\000a\000t\000i\000o\000n\000:\000\040\000I\000d\000e\000n\000t\000i\000f\000i\000c\000a\000t\000i\000o\000n\000\040\000o\000f\000\040\000r\000e\000s\000p\000o\000n\000d\000i\000n\000g\000\040\000c\000l\000o\000n\000e\000s}{section*.11}% 13
\BOOKMARK [1][-]{section*.14}{\376\377\000d\000i\000s\000c\000u\000s\000s\000i\000o\000n}{section*.2}% 14
\BOOKMARK [1][-]{section*.15}{\376\377\000M\000e\000t\000h\000o\000d\000s}{section*.2}% 15
\BOOKMARK [2][-]{section*.16}{\376\377\000N\000u\000l\000l\000\040\000m\000o\000d\000e\000l\000\040\000d\000e\000f\000i\000n\000i\000t\000i\000o\000n}{section*.15}% 16
\BOOKMARK [2][-]{section*.17}{\376\377\000N\000o\000r\000m\000a\000l\000i\000z\000a\000t\000i\000o\000n}{section*.15}% 17
\BOOKMARK [2][-]{section*.18}{\376\377\000O\000b\000t\000a\000i\000n\000i\000n\000g\000\040\000d\000i\000v\000e\000r\000s\000i\000t\000y\000\040\000e\000s\000t\000i\000m\000a\000t\000e\000s\000\040\000f\000r\000o\000m\000\040\000t\000h\000e\000\040\000c\000l\000o\000n\000e\000\040\000f\000r\000e\000q\000u\000e\000n\000c\000y\000\040\000d\000e\000n\000s\000i\000t\000y}{section*.15}% 18
\BOOKMARK [2][-]{section*.19}{\376\377\000N\000u\000l\000l\000\040\000M\000o\000d\000e\000l\000\040\000S\000a\000m\000p\000l\000i\000n\000g}{section*.15}% 19
\BOOKMARK [2][-]{section*.20}{\376\377\000N\000u\000l\000l\000\040\000M\000o\000d\000e\000l\000\040\000I\000n\000f\000e\000r\000e\000n\000c\000e}{section*.15}% 20
\BOOKMARK [2][-]{section*.21}{\376\377\000D\000i\000f\000f\000e\000r\000e\000n\000t\000i\000a\000l\000\040\000e\000x\000p\000r\000e\000s\000s\000i\000o\000n\000\040\000m\000o\000d\000e\000l\000\040\000d\000e\000f\000i\000n\000i\000t\000i\000o\000n}{section*.15}% 21
\BOOKMARK [2][-]{section*.22}{\376\377\000I\000d\000e\000n\000t\000i\000f\000y\000i\000n\000g\000\040\000r\000e\000s\000p\000o\000n\000d\000i\000n\000g\000\040\000c\000l\000o\000n\000e\000s}{section*.15}% 22
\BOOKMARK [2][-]{section*.23}{\376\377\000A\000l\000t\000e\000r\000n\000a\000t\000i\000v\000e\000\040\000m\000o\000d\000e\000l\000\040\000s\000a\000m\000p\000l\000i\000n\000g\000\040\000p\000r\000o\000c\000e\000d\000u\000r\000e}{section*.15}% 23
\BOOKMARK [3][-]{section*.24}{\376\377\000D\000i\000r\000e\000c\000t\000\040\000S\000a\000m\000p\000l\000i\000n\000g}{section*.23}% 24
\BOOKMARK [3][-]{section*.25}{\376\377\000E\000f\000f\000e\000c\000t\000i\000v\000e\000\040\000S\000a\000m\000p\000l\000i\000n\000g}{section*.23}% 25
\BOOKMARK [2][-]{section*.26}{\376\377\000e\000q\000u\000a\000l\000\040\000f\000r\000e\000q\000u\000e\000n\000c\000y\000\040\000c\000o\000n\000s\000t\000r\000a\000i\000n\000t}{section*.15}% 26
\BOOKMARK [1][-]{section*.27}{\376\377\000A\000c\000k\000n\000o\000w\000l\000e\000d\000g\000e\000m\000e\000n\000t\000s}{section*.2}% 27
\BOOKMARK [1][-]{section*.28}{\376\377\000A\000u\000t\000h\000o\000r\000\040\000C\000o\000n\000t\000r\000i\000b\000u\000t\000i\000o\000n\000s}{section*.2}% 28
\BOOKMARK [1][-]{section*.29}{\376\377\000A\000d\000d\000i\000t\000i\000o\000n\000a\000l\000\040\000I\000n\000f\000o\000r\000m\000a\000t\000i\000o\000n}{section*.2}% 29
\BOOKMARK [1][-]{section*.30}{\376\377\000A\000p\000p\000e\000n\000d\000i\000x\000e\000s}{section*.2}% 30
\BOOKMARK [1][-]{section*.31}{\376\377\000R\000e\000f\000e\000r\000e\000n\000c\000e\000s}{section*.2}% 31
